c:\repos\opengl\opengl\debug\vc142.pdb
c:\repos\opengl\opengl\debug\vc142.idb
c:\repos\opengl\opengl\debug\vertexbuffer.obj
c:\repos\opengl\opengl\debug\vertexarray.obj
c:\repos\opengl\opengl\debug\imgui_widgets.obj
c:\repos\opengl\opengl\debug\imgui_impl_opengl3.obj
c:\repos\opengl\opengl\debug\imgui_impl_glfw.obj
c:\repos\opengl\opengl\debug\imgui_draw.obj
c:\repos\opengl\opengl\debug\imgui_demo.obj
c:\repos\opengl\opengl\debug\imgui.obj
c:\repos\opengl\opengl\debug\glm.obj
c:\repos\opengl\opengl\debug\shader.obj
c:\repos\opengl\opengl\debug\renderer.obj
c:\repos\opengl\opengl\debug\indexbuffer.obj
c:\repos\opengl\opengl\debug\application.obj
c:\repos\opengl\debug\opengl.ilk
c:\repos\opengl\debug\opengl.exe
c:\repos\opengl\debug\opengl.pdb
c:\repos\opengl\opengl\debug\opengl.tlog\cl.command.1.tlog
c:\repos\opengl\opengl\debug\opengl.tlog\cl.read.1.tlog
c:\repos\opengl\opengl\debug\opengl.tlog\cl.write.1.tlog
c:\repos\opengl\opengl\debug\opengl.tlog\link.command.1.tlog
c:\repos\opengl\opengl\debug\opengl.tlog\link.read.1.tlog
c:\repos\opengl\opengl\debug\opengl.tlog\link.write.1.tlog
